DEBUG - 2025-06-23 16:24:33 --> Session: Class initialized using 'CodeIgniter\Session\Handlers\FileHandler' driver.
DEBUG - 2025-06-23 16:39:09 --> Session: Class initialized using 'CodeIgniter\Session\Handlers\FileHandler' driver.
ERROR - 2025-06-23 16:39:23 --> mysqli_sql_exception: Table 'estilo_naye.personas' doesn't exist in C:\xampp\htdocs\ESTILO_NAYE\system\Database\MySQLi\Connection.php:327
Stack trace:
#0 C:\xampp\htdocs\ESTILO_NAYE\system\Database\MySQLi\Connection.php(327): mysqli->query('SELECT `usuario...', 0)
#1 C:\xampp\htdocs\ESTILO_NAYE\system\Database\BaseConnection.php(738): CodeIgniter\Database\MySQLi\Connection->execute('SELECT `usuario...')
#2 C:\xampp\htdocs\ESTILO_NAYE\system\Database\BaseConnection.php(652): CodeIgniter\Database\BaseConnection->simpleQuery('SELECT `usuario...')
#3 C:\xampp\htdocs\ESTILO_NAYE\system\Database\BaseBuilder.php(1649): CodeIgniter\Database\BaseConnection->query('SELECT `usuario...', Array, false)
#4 C:\xampp\htdocs\ESTILO_NAYE\system\Model.php(330): CodeIgniter\Database\BaseBuilder->get()
#5 C:\xampp\htdocs\ESTILO_NAYE\system\BaseModel.php(713): CodeIgniter\Model->doFirst()
#6 C:\xampp\htdocs\ESTILO_NAYE\app\Models\Tabla_usuarios.php(36): CodeIgniter\BaseModel->first()
#7 C:\xampp\htdocs\ESTILO_NAYE\app\Controllers\Usuarios\Login.php(54): App\Models\Tabla_usuarios->login('superadmin@esna...', 'e34f92a20532a87...')
#8 C:\xampp\htdocs\ESTILO_NAYE\system\CodeIgniter.php(933): App\Controllers\Usuarios\Login->comprobar()
#9 C:\xampp\htdocs\ESTILO_NAYE\system\CodeIgniter.php(507): CodeIgniter\CodeIgniter->runController(Object(App\Controllers\Usuarios\Login))
#10 C:\xampp\htdocs\ESTILO_NAYE\system\CodeIgniter.php(354): CodeIgniter\CodeIgniter->handleRequest(NULL, Object(Config\Cache), false)
#11 C:\xampp\htdocs\ESTILO_NAYE\system\Boot.php(334): CodeIgniter\CodeIgniter->run()
#12 C:\xampp\htdocs\ESTILO_NAYE\system\Boot.php(67): CodeIgniter\Boot::runCodeIgniter(Object(CodeIgniter\CodeIgniter))
#13 C:\xampp\htdocs\ESTILO_NAYE\public\index.php(56): CodeIgniter\Boot::bootWeb(Object(Config\Paths))
#14 C:\xampp\htdocs\ESTILO_NAYE\system\rewrite.php(44): require_once('C:\\xampp\\htdocs...')
#15 {main}
CRITICAL - 2025-06-23 16:39:23 --> CodeIgniter\Database\Exceptions\DatabaseException: Table 'estilo_naye.personas' doesn't exist
[Method: POST, Route: validar_usuario]
in SYSTEMPATH\Database\BaseConnection.php on line 692.
 1 SYSTEMPATH\Database\BaseBuilder.php(1649): CodeIgniter\Database\BaseConnection->query('SELECT `usuarios`.`estatus_usuario`, `usuarios`.`id_usuario`, `personas`.`id_persona`, `personas`.`nombre`, `personas`.`ap_paterno`, `personas`.`ap_materno`, `personas`.`sexo`, `personas`.`correo`, `personas`.`imagen`, `usuario_roles`.`id_rol` AS `clave_rol`, `roles`.`nombre_rol`
FROM `usuarios`
JOIN `personas` ON `usuarios`.`id_persona` = `personas`.`id_persona`
JOIN `usuario_roles` ON `usuarios`.`id_usuario` = `usuario_roles`.`id_usuario`
JOIN `roles` ON `usuario_roles`.`id_rol` = `roles`.`id_rol`
WHERE `personas`.`correo` = :personas.correo:
AND `usuarios`.`contrasena` = :usuarios.contrasena:
 LIMIT 1', [...], false)
 2 SYSTEMPATH\Model.php(330): CodeIgniter\Database\BaseBuilder->get()
 3 SYSTEMPATH\BaseModel.php(713): CodeIgniter\Model->doFirst()
 4 APPPATH\Models\Tabla_usuarios.php(36): CodeIgniter\BaseModel->first()
 5 APPPATH\Controllers\Usuarios\Login.php(54): App\Models\Tabla_usuarios->login('superadmin@esnaye.com', 'e34f92a20532a873cb3184398070b4b82a8fa29cf48572c203dc5f0fa6158231')
 6 SYSTEMPATH\CodeIgniter.php(933): App\Controllers\Usuarios\Login->comprobar()
 7 SYSTEMPATH\CodeIgniter.php(507): CodeIgniter\CodeIgniter->runController(Object(App\Controllers\Usuarios\Login))
 8 SYSTEMPATH\CodeIgniter.php(354): CodeIgniter\CodeIgniter->handleRequest(null, Object(Config\Cache), false)
 9 SYSTEMPATH\Boot.php(334): CodeIgniter\CodeIgniter->run()
10 SYSTEMPATH\Boot.php(67): CodeIgniter\Boot::runCodeIgniter(Object(CodeIgniter\CodeIgniter))
11 FCPATH\index.php(56): CodeIgniter\Boot::bootWeb(Object(Config\Paths))
12 SYSTEMPATH\rewrite.php(44): require_once('C:\\xampp\\htdocs\\ESTILO_NAYE\\public\\index.php')
CRITICAL - 2025-06-23 16:39:23 --> [Caused by] CodeIgniter\Database\Exceptions\DatabaseException: Table 'estilo_naye.personas' doesn't exist
in SYSTEMPATH\Database\MySQLi\Connection.php on line 332.
 1 SYSTEMPATH\Database\BaseConnection.php(738): CodeIgniter\Database\MySQLi\Connection->execute('SELECT `usuarios`.`estatus_usuario`, `usuarios`.`id_usuario`, `personas`.`id_persona`, `personas`.`nombre`, `personas`.`ap_paterno`, `personas`.`ap_materno`, `personas`.`sexo`, `personas`.`correo`, `personas`.`imagen`, `usuario_roles`.`id_rol` AS `clave_rol`, `roles`.`nombre_rol`
FROM `usuarios`
JOIN `personas` ON `usuarios`.`id_persona` = `personas`.`id_persona`
JOIN `usuario_roles` ON `usuarios`.`id_usuario` = `usuario_roles`.`id_usuario`
JOIN `roles` ON `usuario_roles`.`id_rol` = `roles`.`id_rol`
WHERE `personas`.`correo` = \'superadmin@esnaye.com\'
AND `usuarios`.`contrasena` = \'e34f92a20532a873cb3184398070b4b82a8fa29cf48572c203dc5f0fa6158231\'
 LIMIT 1')
 2 SYSTEMPATH\Database\BaseConnection.php(652): CodeIgniter\Database\BaseConnection->simpleQuery('SELECT `usuarios`.`estatus_usuario`, `usuarios`.`id_usuario`, `personas`.`id_persona`, `personas`.`nombre`, `personas`.`ap_paterno`, `personas`.`ap_materno`, `personas`.`sexo`, `personas`.`correo`, `personas`.`imagen`, `usuario_roles`.`id_rol` AS `clave_rol`, `roles`.`nombre_rol`
FROM `usuarios`
JOIN `personas` ON `usuarios`.`id_persona` = `personas`.`id_persona`
JOIN `usuario_roles` ON `usuarios`.`id_usuario` = `usuario_roles`.`id_usuario`
JOIN `roles` ON `usuario_roles`.`id_rol` = `roles`.`id_rol`
WHERE `personas`.`correo` = \'superadmin@esnaye.com\'
AND `usuarios`.`contrasena` = \'e34f92a20532a873cb3184398070b4b82a8fa29cf48572c203dc5f0fa6158231\'
 LIMIT 1')
 3 SYSTEMPATH\Database\BaseBuilder.php(1649): CodeIgniter\Database\BaseConnection->query('SELECT `usuarios`.`estatus_usuario`, `usuarios`.`id_usuario`, `personas`.`id_persona`, `personas`.`nombre`, `personas`.`ap_paterno`, `personas`.`ap_materno`, `personas`.`sexo`, `personas`.`correo`, `personas`.`imagen`, `usuario_roles`.`id_rol` AS `clave_rol`, `roles`.`nombre_rol`
FROM `usuarios`
JOIN `personas` ON `usuarios`.`id_persona` = `personas`.`id_persona`
JOIN `usuario_roles` ON `usuarios`.`id_usuario` = `usuario_roles`.`id_usuario`
JOIN `roles` ON `usuario_roles`.`id_rol` = `roles`.`id_rol`
WHERE `personas`.`correo` = :personas.correo:
AND `usuarios`.`contrasena` = :usuarios.contrasena:
 LIMIT 1', [...], false)
 4 SYSTEMPATH\Model.php(330): CodeIgniter\Database\BaseBuilder->get()
 5 SYSTEMPATH\BaseModel.php(713): CodeIgniter\Model->doFirst()
 6 APPPATH\Models\Tabla_usuarios.php(36): CodeIgniter\BaseModel->first()
 7 APPPATH\Controllers\Usuarios\Login.php(54): App\Models\Tabla_usuarios->login('superadmin@esnaye.com', 'e34f92a20532a873cb3184398070b4b82a8fa29cf48572c203dc5f0fa6158231')
 8 SYSTEMPATH\CodeIgniter.php(933): App\Controllers\Usuarios\Login->comprobar()
 9 SYSTEMPATH\CodeIgniter.php(507): CodeIgniter\CodeIgniter->runController(Object(App\Controllers\Usuarios\Login))
10 SYSTEMPATH\CodeIgniter.php(354): CodeIgniter\CodeIgniter->handleRequest(null, Object(Config\Cache), false)
11 SYSTEMPATH\Boot.php(334): CodeIgniter\CodeIgniter->run()
12 SYSTEMPATH\Boot.php(67): CodeIgniter\Boot::runCodeIgniter(Object(CodeIgniter\CodeIgniter))
13 FCPATH\index.php(56): CodeIgniter\Boot::bootWeb(Object(Config\Paths))
14 SYSTEMPATH\rewrite.php(44): require_once('C:\\xampp\\htdocs\\ESTILO_NAYE\\public\\index.php')
CRITICAL - 2025-06-23 16:39:23 --> [Caused by] mysqli_sql_exception: Table 'estilo_naye.personas' doesn't exist
in SYSTEMPATH\Database\MySQLi\Connection.php on line 327.
 1 SYSTEMPATH\Database\MySQLi\Connection.php(327): mysqli->query('SELECT `usuarios`.`estatus_usuario`, `usuarios`.`id_usuario`, `personas`.`id_persona`, `personas`.`nombre`, `personas`.`ap_paterno`, `personas`.`ap_materno`, `personas`.`sexo`, `personas`.`correo`, `personas`.`imagen`, `usuario_roles`.`id_rol` AS `clave_rol`, `roles`.`nombre_rol`
FROM `usuarios`
JOIN `personas` ON `usuarios`.`id_persona` = `personas`.`id_persona`
JOIN `usuario_roles` ON `usuarios`.`id_usuario` = `usuario_roles`.`id_usuario`
JOIN `roles` ON `usuario_roles`.`id_rol` = `roles`.`id_rol`
WHERE `personas`.`correo` = \'superadmin@esnaye.com\'
AND `usuarios`.`contrasena` = \'e34f92a20532a873cb3184398070b4b82a8fa29cf48572c203dc5f0fa6158231\'
 LIMIT 1', 0)
 2 SYSTEMPATH\Database\BaseConnection.php(738): CodeIgniter\Database\MySQLi\Connection->execute('SELECT `usuarios`.`estatus_usuario`, `usuarios`.`id_usuario`, `personas`.`id_persona`, `personas`.`nombre`, `personas`.`ap_paterno`, `personas`.`ap_materno`, `personas`.`sexo`, `personas`.`correo`, `personas`.`imagen`, `usuario_roles`.`id_rol` AS `clave_rol`, `roles`.`nombre_rol`
FROM `usuarios`
JOIN `personas` ON `usuarios`.`id_persona` = `personas`.`id_persona`
JOIN `usuario_roles` ON `usuarios`.`id_usuario` = `usuario_roles`.`id_usuario`
JOIN `roles` ON `usuario_roles`.`id_rol` = `roles`.`id_rol`
WHERE `personas`.`correo` = \'superadmin@esnaye.com\'
AND `usuarios`.`contrasena` = \'e34f92a20532a873cb3184398070b4b82a8fa29cf48572c203dc5f0fa6158231\'
 LIMIT 1')
 3 SYSTEMPATH\Database\BaseConnection.php(652): CodeIgniter\Database\BaseConnection->simpleQuery('SELECT `usuarios`.`estatus_usuario`, `usuarios`.`id_usuario`, `personas`.`id_persona`, `personas`.`nombre`, `personas`.`ap_paterno`, `personas`.`ap_materno`, `personas`.`sexo`, `personas`.`correo`, `personas`.`imagen`, `usuario_roles`.`id_rol` AS `clave_rol`, `roles`.`nombre_rol`
FROM `usuarios`
JOIN `personas` ON `usuarios`.`id_persona` = `personas`.`id_persona`
JOIN `usuario_roles` ON `usuarios`.`id_usuario` = `usuario_roles`.`id_usuario`
JOIN `roles` ON `usuario_roles`.`id_rol` = `roles`.`id_rol`
WHERE `personas`.`correo` = \'superadmin@esnaye.com\'
AND `usuarios`.`contrasena` = \'e34f92a20532a873cb3184398070b4b82a8fa29cf48572c203dc5f0fa6158231\'
 LIMIT 1')
 4 SYSTEMPATH\Database\BaseBuilder.php(1649): CodeIgniter\Database\BaseConnection->query('SELECT `usuarios`.`estatus_usuario`, `usuarios`.`id_usuario`, `personas`.`id_persona`, `personas`.`nombre`, `personas`.`ap_paterno`, `personas`.`ap_materno`, `personas`.`sexo`, `personas`.`correo`, `personas`.`imagen`, `usuario_roles`.`id_rol` AS `clave_rol`, `roles`.`nombre_rol`
FROM `usuarios`
JOIN `personas` ON `usuarios`.`id_persona` = `personas`.`id_persona`
JOIN `usuario_roles` ON `usuarios`.`id_usuario` = `usuario_roles`.`id_usuario`
JOIN `roles` ON `usuario_roles`.`id_rol` = `roles`.`id_rol`
WHERE `personas`.`correo` = :personas.correo:
AND `usuarios`.`contrasena` = :usuarios.contrasena:
 LIMIT 1', [...], false)
 5 SYSTEMPATH\Model.php(330): CodeIgniter\Database\BaseBuilder->get()
 6 SYSTEMPATH\BaseModel.php(713): CodeIgniter\Model->doFirst()
 7 APPPATH\Models\Tabla_usuarios.php(36): CodeIgniter\BaseModel->first()
 8 APPPATH\Controllers\Usuarios\Login.php(54): App\Models\Tabla_usuarios->login('superadmin@esnaye.com', 'e34f92a20532a873cb3184398070b4b82a8fa29cf48572c203dc5f0fa6158231')
 9 SYSTEMPATH\CodeIgniter.php(933): App\Controllers\Usuarios\Login->comprobar()
10 SYSTEMPATH\CodeIgniter.php(507): CodeIgniter\CodeIgniter->runController(Object(App\Controllers\Usuarios\Login))
11 SYSTEMPATH\CodeIgniter.php(354): CodeIgniter\CodeIgniter->handleRequest(null, Object(Config\Cache), false)
12 SYSTEMPATH\Boot.php(334): CodeIgniter\CodeIgniter->run()
13 SYSTEMPATH\Boot.php(67): CodeIgniter\Boot::runCodeIgniter(Object(CodeIgniter\CodeIgniter))
14 FCPATH\index.php(56): CodeIgniter\Boot::bootWeb(Object(Config\Paths))
15 SYSTEMPATH\rewrite.php(44): require_once('C:\\xampp\\htdocs\\ESTILO_NAYE\\public\\index.php')
DEBUG - 2025-06-23 16:46:00 --> Session: Class initialized using 'CodeIgniter\Session\Handlers\FileHandler' driver.
INFO - 2025-06-23 16:46:08 --> Usuario encontrado: Superadmin
DEBUG - 2025-06-23 16:46:08 --> Session: Class initialized using 'CodeIgniter\Session\Handlers\FileHandler' driver.
INFO - 2025-06-23 16:46:08 --> Redirigiendo a dashboard para el rol SUPERADMIN
DEBUG - 2025-06-23 22:46:08 --> Session: Class initialized using 'CodeIgniter\Session\Handlers\FileHandler' driver.
DEBUG - 2025-06-23 22:46:12 --> Session: Class initialized using 'CodeIgniter\Session\Handlers\FileHandler' driver.
DEBUG - 2025-06-23 22:46:21 --> Session: Class initialized using 'CodeIgniter\Session\Handlers\FileHandler' driver.
DEBUG - 2025-06-23 22:46:24 --> Session: Class initialized using 'CodeIgniter\Session\Handlers\FileHandler' driver.
DEBUG - 2025-06-23 22:46:44 --> Session: Class initialized using 'CodeIgniter\Session\Handlers\FileHandler' driver.
DEBUG - 2025-06-23 22:46:44 --> Session: Class initialized using 'CodeIgniter\Session\Handlers\FileHandler' driver.
DEBUG - 2025-06-23 22:47:16 --> Session: Class initialized using 'CodeIgniter\Session\Handlers\FileHandler' driver.
DEBUG - 2025-06-23 22:47:20 --> Session: Class initialized using 'CodeIgniter\Session\Handlers\FileHandler' driver.
DEBUG - 2025-06-23 22:47:25 --> Session: Class initialized using 'CodeIgniter\Session\Handlers\FileHandler' driver.
DEBUG - 2025-06-23 22:47:26 --> Session: Class initialized using 'CodeIgniter\Session\Handlers\FileHandler' driver.
DEBUG - 2025-06-23 22:47:30 --> Session: Class initialized using 'CodeIgniter\Session\Handlers\FileHandler' driver.
DEBUG - 2025-06-23 22:47:31 --> Session: Class initialized using 'CodeIgniter\Session\Handlers\FileHandler' driver.
DEBUG - 2025-06-23 22:47:38 --> Session: Class initialized using 'CodeIgniter\Session\Handlers\FileHandler' driver.
DEBUG - 2025-06-23 22:47:39 --> Session: Class initialized using 'CodeIgniter\Session\Handlers\FileHandler' driver.
DEBUG - 2025-06-23 22:47:56 --> Session: Class initialized using 'CodeIgniter\Session\Handlers\FileHandler' driver.
DEBUG - 2025-06-23 22:48:05 --> Session: Class initialized using 'CodeIgniter\Session\Handlers\FileHandler' driver.
DEBUG - 2025-06-23 22:48:05 --> Session: Class initialized using 'CodeIgniter\Session\Handlers\FileHandler' driver.
DEBUG - 2025-06-23 22:48:09 --> Session: Class initialized using 'CodeIgniter\Session\Handlers\FileHandler' driver.
DEBUG - 2025-06-23 22:48:20 --> Session: Class initialized using 'CodeIgniter\Session\Handlers\FileHandler' driver.
DEBUG - 2025-06-23 22:48:33 --> Session: Class initialized using 'CodeIgniter\Session\Handlers\FileHandler' driver.
DEBUG - 2025-06-23 22:48:33 --> Session: Class initialized using 'CodeIgniter\Session\Handlers\FileHandler' driver.
DEBUG - 2025-06-23 22:48:39 --> Session: Class initialized using 'CodeIgniter\Session\Handlers\FileHandler' driver.
DEBUG - 2025-06-23 22:48:39 --> Session: Class initialized using 'CodeIgniter\Session\Handlers\FileHandler' driver.
DEBUG - 2025-06-23 22:48:49 --> Session: Class initialized using 'CodeIgniter\Session\Handlers\FileHandler' driver.
DEBUG - 2025-06-23 22:49:03 --> Session: Class initialized using 'CodeIgniter\Session\Handlers\FileHandler' driver.
DEBUG - 2025-06-23 22:49:06 --> Session: Class initialized using 'CodeIgniter\Session\Handlers\FileHandler' driver.
