DEBUG - 2025-03-15 00:08:51 --> Session: Class initialized using 'CodeIgniter\Session\Handlers\FileHandler' driver.
DEBUG - 2025-03-15 00:10:07 --> Session: Class initialized using 'CodeIgniter\Session\Handlers\FileHandler' driver.
DEBUG - 2025-03-15 00:38:42 --> Session: Class initialized using 'CodeIgniter\Session\Handlers\FileHandler' driver.
DEBUG - 2025-03-15 00:38:44 --> Session: Class initialized using 'CodeIgniter\Session\Handlers\FileHandler' driver.
DEBUG - 2025-03-15 00:47:52 --> Session: Class initialized using 'CodeIgniter\Session\Handlers\FileHandler' driver.
DEBUG - 2025-03-15 00:48:03 --> Session: Class initialized using 'CodeIgniter\Session\Handlers\FileHandler' driver.
DEBUG - 2025-03-15 00:54:35 --> Session: Class initialized using 'CodeIgniter\Session\Handlers\FileHandler' driver.
DEBUG - 2025-03-15 00:54:48 --> Session: Class initialized using 'CodeIgniter\Session\Handlers\FileHandler' driver.
DEBUG - 2025-03-15 00:56:15 --> Session: Class initialized using 'CodeIgniter\Session\Handlers\FileHandler' driver.
DEBUG - 2025-03-15 00:56:44 --> Session: Class initialized using 'CodeIgniter\Session\Handlers\FileHandler' driver.
DEBUG - 2025-03-15 01:03:03 --> Session: Class initialized using 'CodeIgniter\Session\Handlers\FileHandler' driver.
DEBUG - 2025-03-15 01:04:36 --> Session: Class initialized using 'CodeIgniter\Session\Handlers\FileHandler' driver.
DEBUG - 2025-03-15 01:05:21 --> Session: Class initialized using 'CodeIgniter\Session\Handlers\FileHandler' driver.
DEBUG - 2025-03-15 01:05:44 --> Session: Class initialized using 'CodeIgniter\Session\Handlers\FileHandler' driver.
DEBUG - 2025-03-15 01:08:14 --> Session: Class initialized using 'CodeIgniter\Session\Handlers\FileHandler' driver.
DEBUG - 2025-03-15 01:08:18 --> Session: Class initialized using 'CodeIgniter\Session\Handlers\FileHandler' driver.
DEBUG - 2025-03-15 01:09:00 --> Session: Class initialized using 'CodeIgniter\Session\Handlers\FileHandler' driver.
DEBUG - 2025-03-15 01:10:10 --> Session: Class initialized using 'CodeIgniter\Session\Handlers\FileHandler' driver.
DEBUG - 2025-03-15 01:10:55 --> Session: Class initialized using 'CodeIgniter\Session\Handlers\FileHandler' driver.
DEBUG - 2025-03-15 01:10:55 --> Session: Class initialized using 'CodeIgniter\Session\Handlers\FileHandler' driver.
DEBUG - 2025-03-15 01:11:07 --> Session: Class initialized using 'CodeIgniter\Session\Handlers\FileHandler' driver.
DEBUG - 2025-03-15 01:14:58 --> Session: Class initialized using 'CodeIgniter\Session\Handlers\FileHandler' driver.
DEBUG - 2025-03-15 04:31:54 --> Session: Class initialized using 'CodeIgniter\Session\Handlers\FileHandler' driver.
DEBUG - 2025-03-15 04:31:58 --> Session: Class initialized using 'CodeIgniter\Session\Handlers\FileHandler' driver.
DEBUG - 2025-03-15 04:34:41 --> Session: Class initialized using 'CodeIgniter\Session\Handlers\FileHandler' driver.
DEBUG - 2025-03-15 04:34:46 --> Session: Class initialized using 'CodeIgniter\Session\Handlers\FileHandler' driver.
DEBUG - 2025-03-15 04:34:53 --> Session: Class initialized using 'CodeIgniter\Session\Handlers\FileHandler' driver.
DEBUG - 2025-03-15 04:36:05 --> Session: Class initialized using 'CodeIgniter\Session\Handlers\FileHandler' driver.
DEBUG - 2025-03-15 04:37:37 --> Session: Class initialized using 'CodeIgniter\Session\Handlers\FileHandler' driver.
DEBUG - 2025-03-15 04:39:54 --> Session: Class initialized using 'CodeIgniter\Session\Handlers\FileHandler' driver.
DEBUG - 2025-03-15 04:44:17 --> Session: Class initialized using 'CodeIgniter\Session\Handlers\FileHandler' driver.
DEBUG - 2025-03-15 04:47:20 --> Session: Class initialized using 'CodeIgniter\Session\Handlers\FileHandler' driver.
DEBUG - 2025-03-15 04:49:10 --> Session: Class initialized using 'CodeIgniter\Session\Handlers\FileHandler' driver.
DEBUG - 2025-03-15 04:50:19 --> Session: Class initialized using 'CodeIgniter\Session\Handlers\FileHandler' driver.
DEBUG - 2025-03-15 04:51:18 --> Session: Class initialized using 'CodeIgniter\Session\Handlers\FileHandler' driver.
DEBUG - 2025-03-15 04:51:52 --> Session: Class initialized using 'CodeIgniter\Session\Handlers\FileHandler' driver.
DEBUG - 2025-03-15 04:56:02 --> Session: Class initialized using 'CodeIgniter\Session\Handlers\FileHandler' driver.
DEBUG - 2025-03-15 05:01:29 --> Session: Class initialized using 'CodeIgniter\Session\Handlers\FileHandler' driver.
DEBUG - 2025-03-15 05:01:40 --> Session: Class initialized using 'CodeIgniter\Session\Handlers\FileHandler' driver.
DEBUG - 2025-03-15 05:01:45 --> Session: Class initialized using 'CodeIgniter\Session\Handlers\FileHandler' driver.
DEBUG - 2025-03-15 05:01:48 --> Session: Class initialized using 'CodeIgniter\Session\Handlers\FileHandler' driver.
DEBUG - 2025-03-15 05:04:09 --> Session: Class initialized using 'CodeIgniter\Session\Handlers\FileHandler' driver.
DEBUG - 2025-03-15 05:05:24 --> Session: Class initialized using 'CodeIgniter\Session\Handlers\FileHandler' driver.
DEBUG - 2025-03-15 05:08:23 --> Session: Class initialized using 'CodeIgniter\Session\Handlers\FileHandler' driver.
DEBUG - 2025-03-15 05:09:07 --> Session: Class initialized using 'CodeIgniter\Session\Handlers\FileHandler' driver.
DEBUG - 2025-03-15 05:11:50 --> Session: Class initialized using 'CodeIgniter\Session\Handlers\FileHandler' driver.
DEBUG - 2025-03-15 05:12:21 --> Session: Class initialized using 'CodeIgniter\Session\Handlers\FileHandler' driver.
DEBUG - 2025-03-15 05:12:25 --> Session: Class initialized using 'CodeIgniter\Session\Handlers\FileHandler' driver.
DEBUG - 2025-03-15 05:12:51 --> Session: Class initialized using 'CodeIgniter\Session\Handlers\FileHandler' driver.
DEBUG - 2025-03-15 05:13:10 --> Session: Class initialized using 'CodeIgniter\Session\Handlers\FileHandler' driver.
DEBUG - 2025-03-15 05:13:20 --> Session: Class initialized using 'CodeIgniter\Session\Handlers\FileHandler' driver.
DEBUG - 2025-03-15 05:15:06 --> Session: Class initialized using 'CodeIgniter\Session\Handlers\FileHandler' driver.
DEBUG - 2025-03-15 05:15:23 --> Session: Class initialized using 'CodeIgniter\Session\Handlers\FileHandler' driver.
DEBUG - 2025-03-15 05:15:30 --> Session: Class initialized using 'CodeIgniter\Session\Handlers\FileHandler' driver.
DEBUG - 2025-03-15 05:15:36 --> Session: Class initialized using 'CodeIgniter\Session\Handlers\FileHandler' driver.
DEBUG - 2025-03-15 05:15:41 --> Session: Class initialized using 'CodeIgniter\Session\Handlers\FileHandler' driver.
DEBUG - 2025-03-15 05:16:14 --> Session: Class initialized using 'CodeIgniter\Session\Handlers\FileHandler' driver.
DEBUG - 2025-03-15 05:50:07 --> Session: Class initialized using 'CodeIgniter\Session\Handlers\FileHandler' driver.
DEBUG - 2025-03-15 05:50:10 --> Session: Class initialized using 'CodeIgniter\Session\Handlers\FileHandler' driver.
DEBUG - 2025-03-15 05:50:10 --> Session: Class initialized using 'CodeIgniter\Session\Handlers\FileHandler' driver.
DEBUG - 2025-03-15 05:50:18 --> Session: Class initialized using 'CodeIgniter\Session\Handlers\FileHandler' driver.
DEBUG - 2025-03-15 05:50:18 --> Session: Class initialized using 'CodeIgniter\Session\Handlers\FileHandler' driver.
DEBUG - 2025-03-15 05:52:29 --> Session: Class initialized using 'CodeIgniter\Session\Handlers\FileHandler' driver.
DEBUG - 2025-03-15 05:52:36 --> Session: Class initialized using 'CodeIgniter\Session\Handlers\FileHandler' driver.
DEBUG - 2025-03-15 05:52:45 --> Session: Class initialized using 'CodeIgniter\Session\Handlers\FileHandler' driver.
DEBUG - 2025-03-15 05:54:40 --> Session: Class initialized using 'CodeIgniter\Session\Handlers\FileHandler' driver.
DEBUG - 2025-03-15 05:54:45 --> Session: Class initialized using 'CodeIgniter\Session\Handlers\FileHandler' driver.
DEBUG - 2025-03-15 05:54:53 --> Session: Class initialized using 'CodeIgniter\Session\Handlers\FileHandler' driver.
DEBUG - 2025-03-15 05:54:57 --> Session: Class initialized using 'CodeIgniter\Session\Handlers\FileHandler' driver.
DEBUG - 2025-03-15 05:55:05 --> Session: Class initialized using 'CodeIgniter\Session\Handlers\FileHandler' driver.
DEBUG - 2025-03-15 05:55:06 --> Session: Class initialized using 'CodeIgniter\Session\Handlers\FileHandler' driver.
DEBUG - 2025-03-15 05:55:12 --> Session: Class initialized using 'CodeIgniter\Session\Handlers\FileHandler' driver.
DEBUG - 2025-03-15 05:58:49 --> Session: Class initialized using 'CodeIgniter\Session\Handlers\FileHandler' driver.
DEBUG - 2025-03-15 05:58:52 --> Session: Class initialized using 'CodeIgniter\Session\Handlers\FileHandler' driver.
DEBUG - 2025-03-15 06:03:36 --> Session: Class initialized using 'CodeIgniter\Session\Handlers\FileHandler' driver.
DEBUG - 2025-03-15 06:04:09 --> Session: Class initialized using 'CodeIgniter\Session\Handlers\FileHandler' driver.
DEBUG - 2025-03-15 06:04:12 --> Session: Class initialized using 'CodeIgniter\Session\Handlers\FileHandler' driver.
DEBUG - 2025-03-15 06:04:33 --> Session: Class initialized using 'CodeIgniter\Session\Handlers\FileHandler' driver.
DEBUG - 2025-03-15 06:05:02 --> Session: Class initialized using 'CodeIgniter\Session\Handlers\FileHandler' driver.
DEBUG - 2025-03-15 06:05:34 --> Session: Class initialized using 'CodeIgniter\Session\Handlers\FileHandler' driver.
DEBUG - 2025-03-15 06:05:37 --> Session: Class initialized using 'CodeIgniter\Session\Handlers\FileHandler' driver.
DEBUG - 2025-03-15 06:05:44 --> Session: Class initialized using 'CodeIgniter\Session\Handlers\FileHandler' driver.
DEBUG - 2025-03-15 06:05:48 --> Session: Class initialized using 'CodeIgniter\Session\Handlers\FileHandler' driver.
DEBUG - 2025-03-15 06:05:55 --> Session: Class initialized using 'CodeIgniter\Session\Handlers\FileHandler' driver.
DEBUG - 2025-03-15 06:06:30 --> Session: Class initialized using 'CodeIgniter\Session\Handlers\FileHandler' driver.
DEBUG - 2025-03-15 06:06:35 --> Session: Class initialized using 'CodeIgniter\Session\Handlers\FileHandler' driver.
DEBUG - 2025-03-15 06:07:23 --> Session: Class initialized using 'CodeIgniter\Session\Handlers\FileHandler' driver.
DEBUG - 2025-03-15 06:13:50 --> Session: Class initialized using 'CodeIgniter\Session\Handlers\FileHandler' driver.
DEBUG - 2025-03-15 06:36:06 --> Session: Class initialized using 'CodeIgniter\Session\Handlers\FileHandler' driver.
DEBUG - 2025-03-15 06:36:31 --> Session: Class initialized using 'CodeIgniter\Session\Handlers\FileHandler' driver.
DEBUG - 2025-03-15 06:36:33 --> Session: Class initialized using 'CodeIgniter\Session\Handlers\FileHandler' driver.
DEBUG - 2025-03-15 06:37:21 --> Session: Class initialized using 'CodeIgniter\Session\Handlers\FileHandler' driver.
DEBUG - 2025-03-15 06:37:23 --> Session: Class initialized using 'CodeIgniter\Session\Handlers\FileHandler' driver.
ERROR - 2025-03-15 00:37:23 --> mysqli_sql_exception: Unknown column 'nombre_persona' in 'field list' in C:\xampp\htdocs\ESTILO_NAYE\system\Database\MySQLi\Connection.php:327
Stack trace:
#0 C:\xampp\htdocs\ESTILO_NAYE\system\Database\MySQLi\Connection.php(327): mysqli->query('SELECT `id_pers...', 0)
#1 C:\xampp\htdocs\ESTILO_NAYE\system\Database\BaseConnection.php(738): CodeIgniter\Database\MySQLi\Connection->execute('SELECT `id_pers...')
#2 C:\xampp\htdocs\ESTILO_NAYE\system\Database\BaseConnection.php(652): CodeIgniter\Database\BaseConnection->simpleQuery('SELECT `id_pers...')
#3 C:\xampp\htdocs\ESTILO_NAYE\system\Database\BaseBuilder.php(1649): CodeIgniter\Database\BaseConnection->query('SELECT `id_pers...', Array, false)
#4 C:\xampp\htdocs\ESTILO_NAYE\system\Model.php(286): CodeIgniter\Database\BaseBuilder->get()
#5 C:\xampp\htdocs\ESTILO_NAYE\system\BaseModel.php(675): CodeIgniter\Model->doFindAll(0, 0)
#6 C:\xampp\htdocs\ESTILO_NAYE\app\Models\Tabla_personas.php(121): CodeIgniter\BaseModel->findAll()
#7 C:\xampp\htdocs\ESTILO_NAYE\app\Controllers\Panel\Cita_nuevo.php(53): App\Models\Tabla_personas->obtener_personas()
#8 C:\xampp\htdocs\ESTILO_NAYE\app\Controllers\Panel\Cita_nuevo.php(26): App\Controllers\Panel\Cita_nuevo->cargar_datos()
#9 C:\xampp\htdocs\ESTILO_NAYE\system\CodeIgniter.php(933): App\Controllers\Panel\Cita_nuevo->index()
#10 C:\xampp\htdocs\ESTILO_NAYE\system\CodeIgniter.php(507): CodeIgniter\CodeIgniter->runController(Object(App\Controllers\Panel\Cita_nuevo))
#11 C:\xampp\htdocs\ESTILO_NAYE\system\CodeIgniter.php(354): CodeIgniter\CodeIgniter->handleRequest(NULL, Object(Config\Cache), false)
#12 C:\xampp\htdocs\ESTILO_NAYE\system\Boot.php(334): CodeIgniter\CodeIgniter->run()
#13 C:\xampp\htdocs\ESTILO_NAYE\system\Boot.php(67): CodeIgniter\Boot::runCodeIgniter(Object(CodeIgniter\CodeIgniter))
#14 C:\xampp\htdocs\ESTILO_NAYE\public\index.php(56): CodeIgniter\Boot::bootWeb(Object(Config\Paths))
#15 C:\xampp\htdocs\ESTILO_NAYE\system\rewrite.php(44): require_once('C:\\xampp\\htdocs...')
#16 {main}
CRITICAL - 2025-03-15 00:37:23 --> CodeIgniter\Database\Exceptions\DatabaseException: Unknown column 'nombre_persona' in 'field list'
[Method: GET, Route: nuevo_cita]
in SYSTEMPATH\Database\BaseConnection.php on line 692.
 1 SYSTEMPATH\Database\BaseBuilder.php(1649): CodeIgniter\Database\BaseConnection->query('SELECT `id_persona`, `nombre_persona`
FROM `personas`
WHERE `personas`.`eliminacion` IS NULL
ORDER BY `nombre_persona` ASC', [], false)
 2 SYSTEMPATH\Model.php(286): CodeIgniter\Database\BaseBuilder->get()
 3 SYSTEMPATH\BaseModel.php(675): CodeIgniter\Model->doFindAll(0, 0)
 4 APPPATH\Models\Tabla_personas.php(121): CodeIgniter\BaseModel->findAll()
 5 APPPATH\Controllers\Panel\Cita_nuevo.php(53): App\Models\Tabla_personas->obtener_personas()
 6 APPPATH\Controllers\Panel\Cita_nuevo.php(26): App\Controllers\Panel\Cita_nuevo->cargar_datos()
 7 SYSTEMPATH\CodeIgniter.php(933): App\Controllers\Panel\Cita_nuevo->index()
 8 SYSTEMPATH\CodeIgniter.php(507): CodeIgniter\CodeIgniter->runController(Object(App\Controllers\Panel\Cita_nuevo))
 9 SYSTEMPATH\CodeIgniter.php(354): CodeIgniter\CodeIgniter->handleRequest(null, Object(Config\Cache), false)
10 SYSTEMPATH\Boot.php(334): CodeIgniter\CodeIgniter->run()
11 SYSTEMPATH\Boot.php(67): CodeIgniter\Boot::runCodeIgniter(Object(CodeIgniter\CodeIgniter))
12 FCPATH\index.php(56): CodeIgniter\Boot::bootWeb(Object(Config\Paths))
13 SYSTEMPATH\rewrite.php(44): require_once('C:\\xampp\\htdocs\\ESTILO_NAYE\\public\\index.php')
CRITICAL - 2025-03-15 00:37:23 --> [Caused by] CodeIgniter\Database\Exceptions\DatabaseException: Unknown column 'nombre_persona' in 'field list'
in SYSTEMPATH\Database\MySQLi\Connection.php on line 332.
 1 SYSTEMPATH\Database\BaseConnection.php(738): CodeIgniter\Database\MySQLi\Connection->execute('SELECT `id_persona`, `nombre_persona`
FROM `personas`
WHERE `personas`.`eliminacion` IS NULL
ORDER BY `nombre_persona` ASC')
 2 SYSTEMPATH\Database\BaseConnection.php(652): CodeIgniter\Database\BaseConnection->simpleQuery('SELECT `id_persona`, `nombre_persona`
FROM `personas`
WHERE `personas`.`eliminacion` IS NULL
ORDER BY `nombre_persona` ASC')
 3 SYSTEMPATH\Database\BaseBuilder.php(1649): CodeIgniter\Database\BaseConnection->query('SELECT `id_persona`, `nombre_persona`
FROM `personas`
WHERE `personas`.`eliminacion` IS NULL
ORDER BY `nombre_persona` ASC', [], false)
 4 SYSTEMPATH\Model.php(286): CodeIgniter\Database\BaseBuilder->get()
 5 SYSTEMPATH\BaseModel.php(675): CodeIgniter\Model->doFindAll(0, 0)
 6 APPPATH\Models\Tabla_personas.php(121): CodeIgniter\BaseModel->findAll()
 7 APPPATH\Controllers\Panel\Cita_nuevo.php(53): App\Models\Tabla_personas->obtener_personas()
 8 APPPATH\Controllers\Panel\Cita_nuevo.php(26): App\Controllers\Panel\Cita_nuevo->cargar_datos()
 9 SYSTEMPATH\CodeIgniter.php(933): App\Controllers\Panel\Cita_nuevo->index()
10 SYSTEMPATH\CodeIgniter.php(507): CodeIgniter\CodeIgniter->runController(Object(App\Controllers\Panel\Cita_nuevo))
11 SYSTEMPATH\CodeIgniter.php(354): CodeIgniter\CodeIgniter->handleRequest(null, Object(Config\Cache), false)
12 SYSTEMPATH\Boot.php(334): CodeIgniter\CodeIgniter->run()
13 SYSTEMPATH\Boot.php(67): CodeIgniter\Boot::runCodeIgniter(Object(CodeIgniter\CodeIgniter))
14 FCPATH\index.php(56): CodeIgniter\Boot::bootWeb(Object(Config\Paths))
15 SYSTEMPATH\rewrite.php(44): require_once('C:\\xampp\\htdocs\\ESTILO_NAYE\\public\\index.php')
CRITICAL - 2025-03-15 00:37:23 --> [Caused by] mysqli_sql_exception: Unknown column 'nombre_persona' in 'field list'
in SYSTEMPATH\Database\MySQLi\Connection.php on line 327.
 1 SYSTEMPATH\Database\MySQLi\Connection.php(327): mysqli->query('SELECT `id_persona`, `nombre_persona`
FROM `personas`
WHERE `personas`.`eliminacion` IS NULL
ORDER BY `nombre_persona` ASC', 0)
 2 SYSTEMPATH\Database\BaseConnection.php(738): CodeIgniter\Database\MySQLi\Connection->execute('SELECT `id_persona`, `nombre_persona`
FROM `personas`
WHERE `personas`.`eliminacion` IS NULL
ORDER BY `nombre_persona` ASC')
 3 SYSTEMPATH\Database\BaseConnection.php(652): CodeIgniter\Database\BaseConnection->simpleQuery('SELECT `id_persona`, `nombre_persona`
FROM `personas`
WHERE `personas`.`eliminacion` IS NULL
ORDER BY `nombre_persona` ASC')
 4 SYSTEMPATH\Database\BaseBuilder.php(1649): CodeIgniter\Database\BaseConnection->query('SELECT `id_persona`, `nombre_persona`
FROM `personas`
WHERE `personas`.`eliminacion` IS NULL
ORDER BY `nombre_persona` ASC', [], false)
 5 SYSTEMPATH\Model.php(286): CodeIgniter\Database\BaseBuilder->get()
 6 SYSTEMPATH\BaseModel.php(675): CodeIgniter\Model->doFindAll(0, 0)
 7 APPPATH\Models\Tabla_personas.php(121): CodeIgniter\BaseModel->findAll()
 8 APPPATH\Controllers\Panel\Cita_nuevo.php(53): App\Models\Tabla_personas->obtener_personas()
 9 APPPATH\Controllers\Panel\Cita_nuevo.php(26): App\Controllers\Panel\Cita_nuevo->cargar_datos()
10 SYSTEMPATH\CodeIgniter.php(933): App\Controllers\Panel\Cita_nuevo->index()
11 SYSTEMPATH\CodeIgniter.php(507): CodeIgniter\CodeIgniter->runController(Object(App\Controllers\Panel\Cita_nuevo))
12 SYSTEMPATH\CodeIgniter.php(354): CodeIgniter\CodeIgniter->handleRequest(null, Object(Config\Cache), false)
13 SYSTEMPATH\Boot.php(334): CodeIgniter\CodeIgniter->run()
14 SYSTEMPATH\Boot.php(67): CodeIgniter\Boot::runCodeIgniter(Object(CodeIgniter\CodeIgniter))
15 FCPATH\index.php(56): CodeIgniter\Boot::bootWeb(Object(Config\Paths))
16 SYSTEMPATH\rewrite.php(44): require_once('C:\\xampp\\htdocs\\ESTILO_NAYE\\public\\index.php')
DEBUG - 2025-03-15 06:37:40 --> Session: Class initialized using 'CodeIgniter\Session\Handlers\FileHandler' driver.
ERROR - 2025-03-15 00:37:40 --> mysqli_sql_exception: Unknown column 'nombre_persona' in 'order clause' in C:\xampp\htdocs\ESTILO_NAYE\system\Database\MySQLi\Connection.php:327
Stack trace:
#0 C:\xampp\htdocs\ESTILO_NAYE\system\Database\MySQLi\Connection.php(327): mysqli->query('SELECT `id_pers...', 0)
#1 C:\xampp\htdocs\ESTILO_NAYE\system\Database\BaseConnection.php(738): CodeIgniter\Database\MySQLi\Connection->execute('SELECT `id_pers...')
#2 C:\xampp\htdocs\ESTILO_NAYE\system\Database\BaseConnection.php(652): CodeIgniter\Database\BaseConnection->simpleQuery('SELECT `id_pers...')
#3 C:\xampp\htdocs\ESTILO_NAYE\system\Database\BaseBuilder.php(1649): CodeIgniter\Database\BaseConnection->query('SELECT `id_pers...', Array, false)
#4 C:\xampp\htdocs\ESTILO_NAYE\system\Model.php(286): CodeIgniter\Database\BaseBuilder->get()
#5 C:\xampp\htdocs\ESTILO_NAYE\system\BaseModel.php(675): CodeIgniter\Model->doFindAll(0, 0)
#6 C:\xampp\htdocs\ESTILO_NAYE\app\Models\Tabla_personas.php(121): CodeIgniter\BaseModel->findAll()
#7 C:\xampp\htdocs\ESTILO_NAYE\app\Controllers\Panel\Cita_nuevo.php(53): App\Models\Tabla_personas->obtener_personas()
#8 C:\xampp\htdocs\ESTILO_NAYE\app\Controllers\Panel\Cita_nuevo.php(26): App\Controllers\Panel\Cita_nuevo->cargar_datos()
#9 C:\xampp\htdocs\ESTILO_NAYE\system\CodeIgniter.php(933): App\Controllers\Panel\Cita_nuevo->index()
#10 C:\xampp\htdocs\ESTILO_NAYE\system\CodeIgniter.php(507): CodeIgniter\CodeIgniter->runController(Object(App\Controllers\Panel\Cita_nuevo))
#11 C:\xampp\htdocs\ESTILO_NAYE\system\CodeIgniter.php(354): CodeIgniter\CodeIgniter->handleRequest(NULL, Object(Config\Cache), false)
#12 C:\xampp\htdocs\ESTILO_NAYE\system\Boot.php(334): CodeIgniter\CodeIgniter->run()
#13 C:\xampp\htdocs\ESTILO_NAYE\system\Boot.php(67): CodeIgniter\Boot::runCodeIgniter(Object(CodeIgniter\CodeIgniter))
#14 C:\xampp\htdocs\ESTILO_NAYE\public\index.php(56): CodeIgniter\Boot::bootWeb(Object(Config\Paths))
#15 C:\xampp\htdocs\ESTILO_NAYE\system\rewrite.php(44): require_once('C:\\xampp\\htdocs...')
#16 {main}
CRITICAL - 2025-03-15 00:37:40 --> CodeIgniter\Database\Exceptions\DatabaseException: Unknown column 'nombre_persona' in 'order clause'
[Method: GET, Route: nuevo_cita]
in SYSTEMPATH\Database\BaseConnection.php on line 692.
 1 SYSTEMPATH\Database\BaseBuilder.php(1649): CodeIgniter\Database\BaseConnection->query('SELECT `id_persona`, `nombre`
FROM `personas`
WHERE `personas`.`eliminacion` IS NULL
ORDER BY `nombre_persona` ASC', [], false)
 2 SYSTEMPATH\Model.php(286): CodeIgniter\Database\BaseBuilder->get()
 3 SYSTEMPATH\BaseModel.php(675): CodeIgniter\Model->doFindAll(0, 0)
 4 APPPATH\Models\Tabla_personas.php(121): CodeIgniter\BaseModel->findAll()
 5 APPPATH\Controllers\Panel\Cita_nuevo.php(53): App\Models\Tabla_personas->obtener_personas()
 6 APPPATH\Controllers\Panel\Cita_nuevo.php(26): App\Controllers\Panel\Cita_nuevo->cargar_datos()
 7 SYSTEMPATH\CodeIgniter.php(933): App\Controllers\Panel\Cita_nuevo->index()
 8 SYSTEMPATH\CodeIgniter.php(507): CodeIgniter\CodeIgniter->runController(Object(App\Controllers\Panel\Cita_nuevo))
 9 SYSTEMPATH\CodeIgniter.php(354): CodeIgniter\CodeIgniter->handleRequest(null, Object(Config\Cache), false)
10 SYSTEMPATH\Boot.php(334): CodeIgniter\CodeIgniter->run()
11 SYSTEMPATH\Boot.php(67): CodeIgniter\Boot::runCodeIgniter(Object(CodeIgniter\CodeIgniter))
12 FCPATH\index.php(56): CodeIgniter\Boot::bootWeb(Object(Config\Paths))
13 SYSTEMPATH\rewrite.php(44): require_once('C:\\xampp\\htdocs\\ESTILO_NAYE\\public\\index.php')
CRITICAL - 2025-03-15 00:37:40 --> [Caused by] CodeIgniter\Database\Exceptions\DatabaseException: Unknown column 'nombre_persona' in 'order clause'
in SYSTEMPATH\Database\MySQLi\Connection.php on line 332.
 1 SYSTEMPATH\Database\BaseConnection.php(738): CodeIgniter\Database\MySQLi\Connection->execute('SELECT `id_persona`, `nombre`
FROM `personas`
WHERE `personas`.`eliminacion` IS NULL
ORDER BY `nombre_persona` ASC')
 2 SYSTEMPATH\Database\BaseConnection.php(652): CodeIgniter\Database\BaseConnection->simpleQuery('SELECT `id_persona`, `nombre`
FROM `personas`
WHERE `personas`.`eliminacion` IS NULL
ORDER BY `nombre_persona` ASC')
 3 SYSTEMPATH\Database\BaseBuilder.php(1649): CodeIgniter\Database\BaseConnection->query('SELECT `id_persona`, `nombre`
FROM `personas`
WHERE `personas`.`eliminacion` IS NULL
ORDER BY `nombre_persona` ASC', [], false)
 4 SYSTEMPATH\Model.php(286): CodeIgniter\Database\BaseBuilder->get()
 5 SYSTEMPATH\BaseModel.php(675): CodeIgniter\Model->doFindAll(0, 0)
 6 APPPATH\Models\Tabla_personas.php(121): CodeIgniter\BaseModel->findAll()
 7 APPPATH\Controllers\Panel\Cita_nuevo.php(53): App\Models\Tabla_personas->obtener_personas()
 8 APPPATH\Controllers\Panel\Cita_nuevo.php(26): App\Controllers\Panel\Cita_nuevo->cargar_datos()
 9 SYSTEMPATH\CodeIgniter.php(933): App\Controllers\Panel\Cita_nuevo->index()
10 SYSTEMPATH\CodeIgniter.php(507): CodeIgniter\CodeIgniter->runController(Object(App\Controllers\Panel\Cita_nuevo))
11 SYSTEMPATH\CodeIgniter.php(354): CodeIgniter\CodeIgniter->handleRequest(null, Object(Config\Cache), false)
12 SYSTEMPATH\Boot.php(334): CodeIgniter\CodeIgniter->run()
13 SYSTEMPATH\Boot.php(67): CodeIgniter\Boot::runCodeIgniter(Object(CodeIgniter\CodeIgniter))
14 FCPATH\index.php(56): CodeIgniter\Boot::bootWeb(Object(Config\Paths))
15 SYSTEMPATH\rewrite.php(44): require_once('C:\\xampp\\htdocs\\ESTILO_NAYE\\public\\index.php')
CRITICAL - 2025-03-15 00:37:40 --> [Caused by] mysqli_sql_exception: Unknown column 'nombre_persona' in 'order clause'
in SYSTEMPATH\Database\MySQLi\Connection.php on line 327.
 1 SYSTEMPATH\Database\MySQLi\Connection.php(327): mysqli->query('SELECT `id_persona`, `nombre`
FROM `personas`
WHERE `personas`.`eliminacion` IS NULL
ORDER BY `nombre_persona` ASC', 0)
 2 SYSTEMPATH\Database\BaseConnection.php(738): CodeIgniter\Database\MySQLi\Connection->execute('SELECT `id_persona`, `nombre`
FROM `personas`
WHERE `personas`.`eliminacion` IS NULL
ORDER BY `nombre_persona` ASC')
 3 SYSTEMPATH\Database\BaseConnection.php(652): CodeIgniter\Database\BaseConnection->simpleQuery('SELECT `id_persona`, `nombre`
FROM `personas`
WHERE `personas`.`eliminacion` IS NULL
ORDER BY `nombre_persona` ASC')
 4 SYSTEMPATH\Database\BaseBuilder.php(1649): CodeIgniter\Database\BaseConnection->query('SELECT `id_persona`, `nombre`
FROM `personas`
WHERE `personas`.`eliminacion` IS NULL
ORDER BY `nombre_persona` ASC', [], false)
 5 SYSTEMPATH\Model.php(286): CodeIgniter\Database\BaseBuilder->get()
 6 SYSTEMPATH\BaseModel.php(675): CodeIgniter\Model->doFindAll(0, 0)
 7 APPPATH\Models\Tabla_personas.php(121): CodeIgniter\BaseModel->findAll()
 8 APPPATH\Controllers\Panel\Cita_nuevo.php(53): App\Models\Tabla_personas->obtener_personas()
 9 APPPATH\Controllers\Panel\Cita_nuevo.php(26): App\Controllers\Panel\Cita_nuevo->cargar_datos()
10 SYSTEMPATH\CodeIgniter.php(933): App\Controllers\Panel\Cita_nuevo->index()
11 SYSTEMPATH\CodeIgniter.php(507): CodeIgniter\CodeIgniter->runController(Object(App\Controllers\Panel\Cita_nuevo))
12 SYSTEMPATH\CodeIgniter.php(354): CodeIgniter\CodeIgniter->handleRequest(null, Object(Config\Cache), false)
13 SYSTEMPATH\Boot.php(334): CodeIgniter\CodeIgniter->run()
14 SYSTEMPATH\Boot.php(67): CodeIgniter\Boot::runCodeIgniter(Object(CodeIgniter\CodeIgniter))
15 FCPATH\index.php(56): CodeIgniter\Boot::bootWeb(Object(Config\Paths))
16 SYSTEMPATH\rewrite.php(44): require_once('C:\\xampp\\htdocs\\ESTILO_NAYE\\public\\index.php')
DEBUG - 2025-03-15 06:37:49 --> Session: Class initialized using 'CodeIgniter\Session\Handlers\FileHandler' driver.
CRITICAL - 2025-03-15 00:37:49 --> ErrorException: Undefined property: stdClass::$id_paciente
[Method: GET, Route: nuevo_cita]
in APPPATH\Views\panel\cita_nuevo.php on line 29.
 1 APPPATH\Views\panel\cita_nuevo.php(29): CodeIgniter\Debug\Exceptions->errorHandler(2, 'Undefined property: stdClass::$id_paciente', 'C:\\xampp\\htdocs\\ESTILO_NAYE\\app\\Views\\panel\\cita_nuevo.php', 29)
 2 SYSTEMPATH\View\View.php(224): include('C:\\xampp\\htdocs\\ESTILO_NAYE\\app\\Views\\panel\\cita_nuevo.php')
 3 SYSTEMPATH\View\View.php(227): CodeIgniter\View\View->CodeIgniter\View\{closure}()
 4 SYSTEMPATH\Common.php(1173): CodeIgniter\View\View->render('panel/cita_nuevo', [], true)
 5 APPPATH\Controllers\Panel\Cita_nuevo.php(94): view('panel/cita_nuevo', [...])
 6 APPPATH\Controllers\Panel\Cita_nuevo.php(26): App\Controllers\Panel\Cita_nuevo->crear_vista('panel/cita_nuevo', [...])
 7 SYSTEMPATH\CodeIgniter.php(933): App\Controllers\Panel\Cita_nuevo->index()
 8 SYSTEMPATH\CodeIgniter.php(507): CodeIgniter\CodeIgniter->runController(Object(App\Controllers\Panel\Cita_nuevo))
 9 SYSTEMPATH\CodeIgniter.php(354): CodeIgniter\CodeIgniter->handleRequest(null, Object(Config\Cache), false)
10 SYSTEMPATH\Boot.php(334): CodeIgniter\CodeIgniter->run()
11 SYSTEMPATH\Boot.php(67): CodeIgniter\Boot::runCodeIgniter(Object(CodeIgniter\CodeIgniter))
12 FCPATH\index.php(56): CodeIgniter\Boot::bootWeb(Object(Config\Paths))
13 SYSTEMPATH\rewrite.php(44): require_once('C:\\xampp\\htdocs\\ESTILO_NAYE\\public\\index.php')
DEBUG - 2025-03-15 06:38:22 --> Session: Class initialized using 'CodeIgniter\Session\Handlers\FileHandler' driver.
CRITICAL - 2025-03-15 00:38:22 --> ErrorException: Undefined property: stdClass::$id_paciente
[Method: GET, Route: nuevo_cita]
in APPPATH\Views\panel\cita_nuevo.php on line 29.
 1 APPPATH\Views\panel\cita_nuevo.php(29): CodeIgniter\Debug\Exceptions->errorHandler(2, 'Undefined property: stdClass::$id_paciente', 'C:\\xampp\\htdocs\\ESTILO_NAYE\\app\\Views\\panel\\cita_nuevo.php', 29)
 2 SYSTEMPATH\View\View.php(224): include('C:\\xampp\\htdocs\\ESTILO_NAYE\\app\\Views\\panel\\cita_nuevo.php')
 3 SYSTEMPATH\View\View.php(227): CodeIgniter\View\View->CodeIgniter\View\{closure}()
 4 SYSTEMPATH\Common.php(1173): CodeIgniter\View\View->render('panel/cita_nuevo', [], true)
 5 APPPATH\Controllers\Panel\Cita_nuevo.php(94): view('panel/cita_nuevo', [...])
 6 APPPATH\Controllers\Panel\Cita_nuevo.php(26): App\Controllers\Panel\Cita_nuevo->crear_vista('panel/cita_nuevo', [...])
 7 SYSTEMPATH\CodeIgniter.php(933): App\Controllers\Panel\Cita_nuevo->index()
 8 SYSTEMPATH\CodeIgniter.php(507): CodeIgniter\CodeIgniter->runController(Object(App\Controllers\Panel\Cita_nuevo))
 9 SYSTEMPATH\CodeIgniter.php(354): CodeIgniter\CodeIgniter->handleRequest(null, Object(Config\Cache), false)
10 SYSTEMPATH\Boot.php(334): CodeIgniter\CodeIgniter->run()
11 SYSTEMPATH\Boot.php(67): CodeIgniter\Boot::runCodeIgniter(Object(CodeIgniter\CodeIgniter))
12 FCPATH\index.php(56): CodeIgniter\Boot::bootWeb(Object(Config\Paths))
13 SYSTEMPATH\rewrite.php(44): require_once('C:\\xampp\\htdocs\\ESTILO_NAYE\\public\\index.php')
DEBUG - 2025-03-15 06:38:48 --> Session: Class initialized using 'CodeIgniter\Session\Handlers\FileHandler' driver.
CRITICAL - 2025-03-15 00:38:48 --> ErrorException: Undefined variable $personas
[Method: GET, Route: nuevo_cita]
in APPPATH\Views\panel\cita_nuevo.php on line 28.
 1 APPPATH\Views\panel\cita_nuevo.php(28): CodeIgniter\Debug\Exceptions->errorHandler(2, 'Undefined variable $personas', 'C:\\xampp\\htdocs\\ESTILO_NAYE\\app\\Views\\panel\\cita_nuevo.php', 28)
 2 SYSTEMPATH\View\View.php(224): include('C:\\xampp\\htdocs\\ESTILO_NAYE\\app\\Views\\panel\\cita_nuevo.php')
 3 SYSTEMPATH\View\View.php(227): CodeIgniter\View\View->CodeIgniter\View\{closure}()
 4 SYSTEMPATH\Common.php(1173): CodeIgniter\View\View->render('panel/cita_nuevo', [], true)
 5 APPPATH\Controllers\Panel\Cita_nuevo.php(94): view('panel/cita_nuevo', [...])
 6 APPPATH\Controllers\Panel\Cita_nuevo.php(26): App\Controllers\Panel\Cita_nuevo->crear_vista('panel/cita_nuevo', [...])
 7 SYSTEMPATH\CodeIgniter.php(933): App\Controllers\Panel\Cita_nuevo->index()
 8 SYSTEMPATH\CodeIgniter.php(507): CodeIgniter\CodeIgniter->runController(Object(App\Controllers\Panel\Cita_nuevo))
 9 SYSTEMPATH\CodeIgniter.php(354): CodeIgniter\CodeIgniter->handleRequest(null, Object(Config\Cache), false)
10 SYSTEMPATH\Boot.php(334): CodeIgniter\CodeIgniter->run()
11 SYSTEMPATH\Boot.php(67): CodeIgniter\Boot::runCodeIgniter(Object(CodeIgniter\CodeIgniter))
12 FCPATH\index.php(56): CodeIgniter\Boot::bootWeb(Object(Config\Paths))
13 SYSTEMPATH\rewrite.php(44): require_once('C:\\xampp\\htdocs\\ESTILO_NAYE\\public\\index.php')
DEBUG - 2025-03-15 06:39:09 --> Session: Class initialized using 'CodeIgniter\Session\Handlers\FileHandler' driver.
CRITICAL - 2025-03-15 00:39:09 --> ErrorException: Undefined property: stdClass::$nombre_persona
[Method: GET, Route: nuevo_cita]
in APPPATH\Views\panel\cita_nuevo.php on line 29.
 1 APPPATH\Views\panel\cita_nuevo.php(29): CodeIgniter\Debug\Exceptions->errorHandler(2, 'Undefined property: stdClass::$nombre_persona', 'C:\\xampp\\htdocs\\ESTILO_NAYE\\app\\Views\\panel\\cita_nuevo.php', 29)
 2 SYSTEMPATH\View\View.php(224): include('C:\\xampp\\htdocs\\ESTILO_NAYE\\app\\Views\\panel\\cita_nuevo.php')
 3 SYSTEMPATH\View\View.php(227): CodeIgniter\View\View->CodeIgniter\View\{closure}()
 4 SYSTEMPATH\Common.php(1173): CodeIgniter\View\View->render('panel/cita_nuevo', [], true)
 5 APPPATH\Controllers\Panel\Cita_nuevo.php(94): view('panel/cita_nuevo', [...])
 6 APPPATH\Controllers\Panel\Cita_nuevo.php(26): App\Controllers\Panel\Cita_nuevo->crear_vista('panel/cita_nuevo', [...])
 7 SYSTEMPATH\CodeIgniter.php(933): App\Controllers\Panel\Cita_nuevo->index()
 8 SYSTEMPATH\CodeIgniter.php(507): CodeIgniter\CodeIgniter->runController(Object(App\Controllers\Panel\Cita_nuevo))
 9 SYSTEMPATH\CodeIgniter.php(354): CodeIgniter\CodeIgniter->handleRequest(null, Object(Config\Cache), false)
10 SYSTEMPATH\Boot.php(334): CodeIgniter\CodeIgniter->run()
11 SYSTEMPATH\Boot.php(67): CodeIgniter\Boot::runCodeIgniter(Object(CodeIgniter\CodeIgniter))
12 FCPATH\index.php(56): CodeIgniter\Boot::bootWeb(Object(Config\Paths))
13 SYSTEMPATH\rewrite.php(44): require_once('C:\\xampp\\htdocs\\ESTILO_NAYE\\public\\index.php')
DEBUG - 2025-03-15 06:39:18 --> Session: Class initialized using 'CodeIgniter\Session\Handlers\FileHandler' driver.
DEBUG - 2025-03-15 06:40:56 --> Session: Class initialized using 'CodeIgniter\Session\Handlers\FileHandler' driver.
DEBUG - 2025-03-15 06:42:05 --> Session: Class initialized using 'CodeIgniter\Session\Handlers\FileHandler' driver.
ERROR - 2025-03-15 00:42:05 --> mysqli_sql_exception: Unknown column 'ap' in 'field list' in C:\xampp\htdocs\ESTILO_NAYE\system\Database\MySQLi\Connection.php:327
Stack trace:
#0 C:\xampp\htdocs\ESTILO_NAYE\system\Database\MySQLi\Connection.php(327): mysqli->query('SELECT `id_pers...', 0)
#1 C:\xampp\htdocs\ESTILO_NAYE\system\Database\BaseConnection.php(738): CodeIgniter\Database\MySQLi\Connection->execute('SELECT `id_pers...')
#2 C:\xampp\htdocs\ESTILO_NAYE\system\Database\BaseConnection.php(652): CodeIgniter\Database\BaseConnection->simpleQuery('SELECT `id_pers...')
#3 C:\xampp\htdocs\ESTILO_NAYE\system\Database\BaseBuilder.php(1649): CodeIgniter\Database\BaseConnection->query('SELECT `id_pers...', Array, false)
#4 C:\xampp\htdocs\ESTILO_NAYE\system\Model.php(286): CodeIgniter\Database\BaseBuilder->get()
#5 C:\xampp\htdocs\ESTILO_NAYE\system\BaseModel.php(675): CodeIgniter\Model->doFindAll(0, 0)
#6 C:\xampp\htdocs\ESTILO_NAYE\app\Models\Tabla_personas.php(122): CodeIgniter\BaseModel->findAll()
#7 C:\xampp\htdocs\ESTILO_NAYE\app\Controllers\Panel\Cita_nuevo.php(53): App\Models\Tabla_personas->obtener_personas()
#8 C:\xampp\htdocs\ESTILO_NAYE\app\Controllers\Panel\Cita_nuevo.php(26): App\Controllers\Panel\Cita_nuevo->cargar_datos()
#9 C:\xampp\htdocs\ESTILO_NAYE\system\CodeIgniter.php(933): App\Controllers\Panel\Cita_nuevo->index()
#10 C:\xampp\htdocs\ESTILO_NAYE\system\CodeIgniter.php(507): CodeIgniter\CodeIgniter->runController(Object(App\Controllers\Panel\Cita_nuevo))
#11 C:\xampp\htdocs\ESTILO_NAYE\system\CodeIgniter.php(354): CodeIgniter\CodeIgniter->handleRequest(NULL, Object(Config\Cache), false)
#12 C:\xampp\htdocs\ESTILO_NAYE\system\Boot.php(334): CodeIgniter\CodeIgniter->run()
#13 C:\xampp\htdocs\ESTILO_NAYE\system\Boot.php(67): CodeIgniter\Boot::runCodeIgniter(Object(CodeIgniter\CodeIgniter))
#14 C:\xampp\htdocs\ESTILO_NAYE\public\index.php(56): CodeIgniter\Boot::bootWeb(Object(Config\Paths))
#15 C:\xampp\htdocs\ESTILO_NAYE\system\rewrite.php(44): require_once('C:\\xampp\\htdocs...')
#16 {main}
CRITICAL - 2025-03-15 00:42:05 --> CodeIgniter\Database\Exceptions\DatabaseException: Unknown column 'ap' in 'field list'
[Method: GET, Route: nuevo_cita]
in SYSTEMPATH\Database\BaseConnection.php on line 692.
 1 SYSTEMPATH\Database\BaseBuilder.php(1649): CodeIgniter\Database\BaseConnection->query('SELECT `id_persona`, `nombre`, `ap_paterno`, `ap` `materno`, `correo`
FROM `personas`
WHERE `id_tipo_persona` = :id_tipo_persona:
AND `personas`.`eliminacion` IS NULL
ORDER BY `nombre` ASC', [...], false)
 2 SYSTEMPATH\Model.php(286): CodeIgniter\Database\BaseBuilder->get()
 3 SYSTEMPATH\BaseModel.php(675): CodeIgniter\Model->doFindAll(0, 0)
 4 APPPATH\Models\Tabla_personas.php(122): CodeIgniter\BaseModel->findAll()
 5 APPPATH\Controllers\Panel\Cita_nuevo.php(53): App\Models\Tabla_personas->obtener_personas()
 6 APPPATH\Controllers\Panel\Cita_nuevo.php(26): App\Controllers\Panel\Cita_nuevo->cargar_datos()
 7 SYSTEMPATH\CodeIgniter.php(933): App\Controllers\Panel\Cita_nuevo->index()
 8 SYSTEMPATH\CodeIgniter.php(507): CodeIgniter\CodeIgniter->runController(Object(App\Controllers\Panel\Cita_nuevo))
 9 SYSTEMPATH\CodeIgniter.php(354): CodeIgniter\CodeIgniter->handleRequest(null, Object(Config\Cache), false)
10 SYSTEMPATH\Boot.php(334): CodeIgniter\CodeIgniter->run()
11 SYSTEMPATH\Boot.php(67): CodeIgniter\Boot::runCodeIgniter(Object(CodeIgniter\CodeIgniter))
12 FCPATH\index.php(56): CodeIgniter\Boot::bootWeb(Object(Config\Paths))
13 SYSTEMPATH\rewrite.php(44): require_once('C:\\xampp\\htdocs\\ESTILO_NAYE\\public\\index.php')
CRITICAL - 2025-03-15 00:42:05 --> [Caused by] CodeIgniter\Database\Exceptions\DatabaseException: Unknown column 'ap' in 'field list'
in SYSTEMPATH\Database\MySQLi\Connection.php on line 332.
 1 SYSTEMPATH\Database\BaseConnection.php(738): CodeIgniter\Database\MySQLi\Connection->execute('SELECT `id_persona`, `nombre`, `ap_paterno`, `ap` `materno`, `correo`
FROM `personas`
WHERE `id_tipo_persona` = 101
AND `personas`.`eliminacion` IS NULL
ORDER BY `nombre` ASC')
 2 SYSTEMPATH\Database\BaseConnection.php(652): CodeIgniter\Database\BaseConnection->simpleQuery('SELECT `id_persona`, `nombre`, `ap_paterno`, `ap` `materno`, `correo`
FROM `personas`
WHERE `id_tipo_persona` = 101
AND `personas`.`eliminacion` IS NULL
ORDER BY `nombre` ASC')
 3 SYSTEMPATH\Database\BaseBuilder.php(1649): CodeIgniter\Database\BaseConnection->query('SELECT `id_persona`, `nombre`, `ap_paterno`, `ap` `materno`, `correo`
FROM `personas`
WHERE `id_tipo_persona` = :id_tipo_persona:
AND `personas`.`eliminacion` IS NULL
ORDER BY `nombre` ASC', [...], false)
 4 SYSTEMPATH\Model.php(286): CodeIgniter\Database\BaseBuilder->get()
 5 SYSTEMPATH\BaseModel.php(675): CodeIgniter\Model->doFindAll(0, 0)
 6 APPPATH\Models\Tabla_personas.php(122): CodeIgniter\BaseModel->findAll()
 7 APPPATH\Controllers\Panel\Cita_nuevo.php(53): App\Models\Tabla_personas->obtener_personas()
 8 APPPATH\Controllers\Panel\Cita_nuevo.php(26): App\Controllers\Panel\Cita_nuevo->cargar_datos()
 9 SYSTEMPATH\CodeIgniter.php(933): App\Controllers\Panel\Cita_nuevo->index()
10 SYSTEMPATH\CodeIgniter.php(507): CodeIgniter\CodeIgniter->runController(Object(App\Controllers\Panel\Cita_nuevo))
11 SYSTEMPATH\CodeIgniter.php(354): CodeIgniter\CodeIgniter->handleRequest(null, Object(Config\Cache), false)
12 SYSTEMPATH\Boot.php(334): CodeIgniter\CodeIgniter->run()
13 SYSTEMPATH\Boot.php(67): CodeIgniter\Boot::runCodeIgniter(Object(CodeIgniter\CodeIgniter))
14 FCPATH\index.php(56): CodeIgniter\Boot::bootWeb(Object(Config\Paths))
15 SYSTEMPATH\rewrite.php(44): require_once('C:\\xampp\\htdocs\\ESTILO_NAYE\\public\\index.php')
CRITICAL - 2025-03-15 00:42:05 --> [Caused by] mysqli_sql_exception: Unknown column 'ap' in 'field list'
in SYSTEMPATH\Database\MySQLi\Connection.php on line 327.
 1 SYSTEMPATH\Database\MySQLi\Connection.php(327): mysqli->query('SELECT `id_persona`, `nombre`, `ap_paterno`, `ap` `materno`, `correo`
FROM `personas`
WHERE `id_tipo_persona` = 101
AND `personas`.`eliminacion` IS NULL
ORDER BY `nombre` ASC', 0)
 2 SYSTEMPATH\Database\BaseConnection.php(738): CodeIgniter\Database\MySQLi\Connection->execute('SELECT `id_persona`, `nombre`, `ap_paterno`, `ap` `materno`, `correo`
FROM `personas`
WHERE `id_tipo_persona` = 101
AND `personas`.`eliminacion` IS NULL
ORDER BY `nombre` ASC')
 3 SYSTEMPATH\Database\BaseConnection.php(652): CodeIgniter\Database\BaseConnection->simpleQuery('SELECT `id_persona`, `nombre`, `ap_paterno`, `ap` `materno`, `correo`
FROM `personas`
WHERE `id_tipo_persona` = 101
AND `personas`.`eliminacion` IS NULL
ORDER BY `nombre` ASC')
 4 SYSTEMPATH\Database\BaseBuilder.php(1649): CodeIgniter\Database\BaseConnection->query('SELECT `id_persona`, `nombre`, `ap_paterno`, `ap` `materno`, `correo`
FROM `personas`
WHERE `id_tipo_persona` = :id_tipo_persona:
AND `personas`.`eliminacion` IS NULL
ORDER BY `nombre` ASC', [...], false)
 5 SYSTEMPATH\Model.php(286): CodeIgniter\Database\BaseBuilder->get()
 6 SYSTEMPATH\BaseModel.php(675): CodeIgniter\Model->doFindAll(0, 0)
 7 APPPATH\Models\Tabla_personas.php(122): CodeIgniter\BaseModel->findAll()
 8 APPPATH\Controllers\Panel\Cita_nuevo.php(53): App\Models\Tabla_personas->obtener_personas()
 9 APPPATH\Controllers\Panel\Cita_nuevo.php(26): App\Controllers\Panel\Cita_nuevo->cargar_datos()
10 SYSTEMPATH\CodeIgniter.php(933): App\Controllers\Panel\Cita_nuevo->index()
11 SYSTEMPATH\CodeIgniter.php(507): CodeIgniter\CodeIgniter->runController(Object(App\Controllers\Panel\Cita_nuevo))
12 SYSTEMPATH\CodeIgniter.php(354): CodeIgniter\CodeIgniter->handleRequest(null, Object(Config\Cache), false)
13 SYSTEMPATH\Boot.php(334): CodeIgniter\CodeIgniter->run()
14 SYSTEMPATH\Boot.php(67): CodeIgniter\Boot::runCodeIgniter(Object(CodeIgniter\CodeIgniter))
15 FCPATH\index.php(56): CodeIgniter\Boot::bootWeb(Object(Config\Paths))
16 SYSTEMPATH\rewrite.php(44): require_once('C:\\xampp\\htdocs\\ESTILO_NAYE\\public\\index.php')
DEBUG - 2025-03-15 06:42:11 --> Session: Class initialized using 'CodeIgniter\Session\Handlers\FileHandler' driver.
DEBUG - 2025-03-15 06:43:25 --> Session: Class initialized using 'CodeIgniter\Session\Handlers\FileHandler' driver.
DEBUG - 2025-03-15 06:45:58 --> Session: Class initialized using 'CodeIgniter\Session\Handlers\FileHandler' driver.
DEBUG - 2025-03-15 07:05:47 --> Session: Class initialized using 'CodeIgniter\Session\Handlers\FileHandler' driver.
DEBUG - 2025-03-15 07:07:24 --> Session: Class initialized using 'CodeIgniter\Session\Handlers\FileHandler' driver.
CRITICAL - 2025-03-15 01:07:24 --> ErrorException: Undefined variable $clientes
[Method: GET, Route: nuevo_cita]
in APPPATH\Views\panel\cita_nuevo.php on line 27.
 1 APPPATH\Views\panel\cita_nuevo.php(27): CodeIgniter\Debug\Exceptions->errorHandler(2, 'Undefined variable $clientes', 'C:\\xampp\\htdocs\\ESTILO_NAYE\\app\\Views\\panel\\cita_nuevo.php', 27)
 2 SYSTEMPATH\View\View.php(224): include('C:\\xampp\\htdocs\\ESTILO_NAYE\\app\\Views\\panel\\cita_nuevo.php')
 3 SYSTEMPATH\View\View.php(227): CodeIgniter\View\View->CodeIgniter\View\{closure}()
 4 SYSTEMPATH\Common.php(1173): CodeIgniter\View\View->render('panel/cita_nuevo', [], true)
 5 APPPATH\Controllers\Panel\Cita_nuevo.php(94): view('panel/cita_nuevo', [...])
 6 APPPATH\Controllers\Panel\Cita_nuevo.php(26): App\Controllers\Panel\Cita_nuevo->crear_vista('panel/cita_nuevo', [...])
 7 SYSTEMPATH\CodeIgniter.php(933): App\Controllers\Panel\Cita_nuevo->index()
 8 SYSTEMPATH\CodeIgniter.php(507): CodeIgniter\CodeIgniter->runController(Object(App\Controllers\Panel\Cita_nuevo))
 9 SYSTEMPATH\CodeIgniter.php(354): CodeIgniter\CodeIgniter->handleRequest(null, Object(Config\Cache), false)
10 SYSTEMPATH\Boot.php(334): CodeIgniter\CodeIgniter->run()
11 SYSTEMPATH\Boot.php(67): CodeIgniter\Boot::runCodeIgniter(Object(CodeIgniter\CodeIgniter))
12 FCPATH\index.php(56): CodeIgniter\Boot::bootWeb(Object(Config\Paths))
13 SYSTEMPATH\rewrite.php(44): require_once('C:\\xampp\\htdocs\\ESTILO_NAYE\\public\\index.php')
DEBUG - 2025-03-15 07:08:00 --> Session: Class initialized using 'CodeIgniter\Session\Handlers\FileHandler' driver.
CRITICAL - 2025-03-15 01:08:01 --> ErrorException: Undefined variable $Personas
[Method: GET, Route: nuevo_cita]
in APPPATH\Views\panel\cita_nuevo.php on line 27.
 1 APPPATH\Views\panel\cita_nuevo.php(27): CodeIgniter\Debug\Exceptions->errorHandler(2, 'Undefined variable $Personas', 'C:\\xampp\\htdocs\\ESTILO_NAYE\\app\\Views\\panel\\cita_nuevo.php', 27)
 2 SYSTEMPATH\View\View.php(224): include('C:\\xampp\\htdocs\\ESTILO_NAYE\\app\\Views\\panel\\cita_nuevo.php')
 3 SYSTEMPATH\View\View.php(227): CodeIgniter\View\View->CodeIgniter\View\{closure}()
 4 SYSTEMPATH\Common.php(1173): CodeIgniter\View\View->render('panel/cita_nuevo', [], true)
 5 APPPATH\Controllers\Panel\Cita_nuevo.php(94): view('panel/cita_nuevo', [...])
 6 APPPATH\Controllers\Panel\Cita_nuevo.php(26): App\Controllers\Panel\Cita_nuevo->crear_vista('panel/cita_nuevo', [...])
 7 SYSTEMPATH\CodeIgniter.php(933): App\Controllers\Panel\Cita_nuevo->index()
 8 SYSTEMPATH\CodeIgniter.php(507): CodeIgniter\CodeIgniter->runController(Object(App\Controllers\Panel\Cita_nuevo))
 9 SYSTEMPATH\CodeIgniter.php(354): CodeIgniter\CodeIgniter->handleRequest(null, Object(Config\Cache), false)
10 SYSTEMPATH\Boot.php(334): CodeIgniter\CodeIgniter->run()
11 SYSTEMPATH\Boot.php(67): CodeIgniter\Boot::runCodeIgniter(Object(CodeIgniter\CodeIgniter))
12 FCPATH\index.php(56): CodeIgniter\Boot::bootWeb(Object(Config\Paths))
13 SYSTEMPATH\rewrite.php(44): require_once('C:\\xampp\\htdocs\\ESTILO_NAYE\\public\\index.php')
DEBUG - 2025-03-15 07:08:25 --> Session: Class initialized using 'CodeIgniter\Session\Handlers\FileHandler' driver.
DEBUG - 2025-03-15 07:12:07 --> Session: Class initialized using 'CodeIgniter\Session\Handlers\FileHandler' driver.
DEBUG - 2025-03-15 07:12:14 --> Session: Class initialized using 'CodeIgniter\Session\Handlers\FileHandler' driver.
DEBUG - 2025-03-15 07:12:18 --> Session: Class initialized using 'CodeIgniter\Session\Handlers\FileHandler' driver.
DEBUG - 2025-03-15 07:12:21 --> Session: Class initialized using 'CodeIgniter\Session\Handlers\FileHandler' driver.
DEBUG - 2025-03-15 07:12:24 --> Session: Class initialized using 'CodeIgniter\Session\Handlers\FileHandler' driver.
DEBUG - 2025-03-15 07:13:15 --> Session: Class initialized using 'CodeIgniter\Session\Handlers\FileHandler' driver.
DEBUG - 2025-03-15 07:13:58 --> Session: Class initialized using 'CodeIgniter\Session\Handlers\FileHandler' driver.
DEBUG - 2025-03-15 07:16:03 --> Session: Class initialized using 'CodeIgniter\Session\Handlers\FileHandler' driver.
CRITICAL - 2025-03-15 01:16:03 --> ErrorException: Undefined variable $cliente
[Method: GET, Route: nuevo_cita]
in APPPATH\Views\panel\cita_nuevo.php on line 29.
 1 APPPATH\Views\panel\cita_nuevo.php(29): CodeIgniter\Debug\Exceptions->errorHandler(2, 'Undefined variable $cliente', 'C:\\xampp\\htdocs\\ESTILO_NAYE\\app\\Views\\panel\\cita_nuevo.php', 29)
 2 SYSTEMPATH\View\View.php(224): include('C:\\xampp\\htdocs\\ESTILO_NAYE\\app\\Views\\panel\\cita_nuevo.php')
 3 SYSTEMPATH\View\View.php(227): CodeIgniter\View\View->CodeIgniter\View\{closure}()
 4 SYSTEMPATH\Common.php(1173): CodeIgniter\View\View->render('panel/cita_nuevo', [], true)
 5 APPPATH\Controllers\Panel\Cita_nuevo.php(94): view('panel/cita_nuevo', [...])
 6 APPPATH\Controllers\Panel\Cita_nuevo.php(26): App\Controllers\Panel\Cita_nuevo->crear_vista('panel/cita_nuevo', [...])
 7 SYSTEMPATH\CodeIgniter.php(933): App\Controllers\Panel\Cita_nuevo->index()
 8 SYSTEMPATH\CodeIgniter.php(507): CodeIgniter\CodeIgniter->runController(Object(App\Controllers\Panel\Cita_nuevo))
 9 SYSTEMPATH\CodeIgniter.php(354): CodeIgniter\CodeIgniter->handleRequest(null, Object(Config\Cache), false)
10 SYSTEMPATH\Boot.php(334): CodeIgniter\CodeIgniter->run()
11 SYSTEMPATH\Boot.php(67): CodeIgniter\Boot::runCodeIgniter(Object(CodeIgniter\CodeIgniter))
12 FCPATH\index.php(56): CodeIgniter\Boot::bootWeb(Object(Config\Paths))
13 SYSTEMPATH\rewrite.php(44): require_once('C:\\xampp\\htdocs\\ESTILO_NAYE\\public\\index.php')
DEBUG - 2025-03-15 07:16:13 --> Session: Class initialized using 'CodeIgniter\Session\Handlers\FileHandler' driver.
DEBUG - 2025-03-15 07:17:54 --> Session: Class initialized using 'CodeIgniter\Session\Handlers\FileHandler' driver.
DEBUG - 2025-03-15 07:18:44 --> Session: Class initialized using 'CodeIgniter\Session\Handlers\FileHandler' driver.
DEBUG - 2025-03-15 07:18:51 --> Session: Class initialized using 'CodeIgniter\Session\Handlers\FileHandler' driver.
DEBUG - 2025-03-15 07:19:10 --> Session: Class initialized using 'CodeIgniter\Session\Handlers\FileHandler' driver.
DEBUG - 2025-03-15 07:21:53 --> Session: Class initialized using 'CodeIgniter\Session\Handlers\FileHandler' driver.
DEBUG - 2025-03-15 07:22:09 --> Session: Class initialized using 'CodeIgniter\Session\Handlers\FileHandler' driver.
DEBUG - 2025-03-15 07:23:36 --> Session: Class initialized using 'CodeIgniter\Session\Handlers\FileHandler' driver.
DEBUG - 2025-03-15 07:23:40 --> Session: Class initialized using 'CodeIgniter\Session\Handlers\FileHandler' driver.
DEBUG - 2025-03-15 07:23:42 --> Session: Class initialized using 'CodeIgniter\Session\Handlers\FileHandler' driver.
DEBUG - 2025-03-15 07:27:56 --> Session: Class initialized using 'CodeIgniter\Session\Handlers\FileHandler' driver.
CRITICAL - 2025-03-15 01:27:56 --> ErrorException: Undefined variable $pacientes
[Method: GET, Route: nuevo_cita]
in APPPATH\Views\panel\cita_nuevo.php on line 28.
 1 APPPATH\Views\panel\cita_nuevo.php(28): CodeIgniter\Debug\Exceptions->errorHandler(2, 'Undefined variable $pacientes', 'C:\\xampp\\htdocs\\ESTILO_NAYE\\app\\Views\\panel\\cita_nuevo.php', 28)
 2 SYSTEMPATH\View\View.php(224): include('C:\\xampp\\htdocs\\ESTILO_NAYE\\app\\Views\\panel\\cita_nuevo.php')
 3 SYSTEMPATH\View\View.php(227): CodeIgniter\View\View->CodeIgniter\View\{closure}()
 4 SYSTEMPATH\Common.php(1173): CodeIgniter\View\View->render('panel/cita_nuevo', [], true)
 5 APPPATH\Controllers\Panel\Cita_nuevo.php(94): view('panel/cita_nuevo', [...])
 6 APPPATH\Controllers\Panel\Cita_nuevo.php(26): App\Controllers\Panel\Cita_nuevo->crear_vista('panel/cita_nuevo', [...])
 7 SYSTEMPATH\CodeIgniter.php(933): App\Controllers\Panel\Cita_nuevo->index()
 8 SYSTEMPATH\CodeIgniter.php(507): CodeIgniter\CodeIgniter->runController(Object(App\Controllers\Panel\Cita_nuevo))
 9 SYSTEMPATH\CodeIgniter.php(354): CodeIgniter\CodeIgniter->handleRequest(null, Object(Config\Cache), false)
10 SYSTEMPATH\Boot.php(334): CodeIgniter\CodeIgniter->run()
11 SYSTEMPATH\Boot.php(67): CodeIgniter\Boot::runCodeIgniter(Object(CodeIgniter\CodeIgniter))
12 FCPATH\index.php(56): CodeIgniter\Boot::bootWeb(Object(Config\Paths))
13 SYSTEMPATH\rewrite.php(44): require_once('C:\\xampp\\htdocs\\ESTILO_NAYE\\public\\index.php')
DEBUG - 2025-03-15 07:28:31 --> Session: Class initialized using 'CodeIgniter\Session\Handlers\FileHandler' driver.
CRITICAL - 2025-03-15 01:28:31 --> Error: Object of class stdClass could not be converted to string
[Method: GET, Route: nuevo_cita]
in SYSTEMPATH\Helpers\form_helper.php on line 334.
 1 APPPATH\Views\panel\cita_nuevo.php(28): form_dropdown('id_persona', [...], [], ' class="form-select" id="id_persona"')
 2 SYSTEMPATH\View\View.php(224): include('C:\\xampp\\htdocs\\ESTILO_NAYE\\app\\Views\\panel\\cita_nuevo.php')
 3 SYSTEMPATH\View\View.php(227): CodeIgniter\View\View->CodeIgniter\View\{closure}()
 4 SYSTEMPATH\Common.php(1173): CodeIgniter\View\View->render('panel/cita_nuevo', [], true)
 5 APPPATH\Controllers\Panel\Cita_nuevo.php(94): view('panel/cita_nuevo', [...])
 6 APPPATH\Controllers\Panel\Cita_nuevo.php(26): App\Controllers\Panel\Cita_nuevo->crear_vista('panel/cita_nuevo', [...])
 7 SYSTEMPATH\CodeIgniter.php(933): App\Controllers\Panel\Cita_nuevo->index()
 8 SYSTEMPATH\CodeIgniter.php(507): CodeIgniter\CodeIgniter->runController(Object(App\Controllers\Panel\Cita_nuevo))
 9 SYSTEMPATH\CodeIgniter.php(354): CodeIgniter\CodeIgniter->handleRequest(null, Object(Config\Cache), false)
10 SYSTEMPATH\Boot.php(334): CodeIgniter\CodeIgniter->run()
11 SYSTEMPATH\Boot.php(67): CodeIgniter\Boot::runCodeIgniter(Object(CodeIgniter\CodeIgniter))
12 FCPATH\index.php(56): CodeIgniter\Boot::bootWeb(Object(Config\Paths))
13 SYSTEMPATH\rewrite.php(44): require_once('C:\\xampp\\htdocs\\ESTILO_NAYE\\public\\index.php')
DEBUG - 2025-03-15 07:30:22 --> Session: Class initialized using 'CodeIgniter\Session\Handlers\FileHandler' driver.
DEBUG - 2025-03-15 07:30:58 --> Session: Class initialized using 'CodeIgniter\Session\Handlers\FileHandler' driver.
CRITICAL - 2025-03-15 01:30:58 --> ErrorException: Undefined property: stdClass::$codigo_cliente
[Method: GET, Route: nuevo_cita]
in APPPATH\Views\panel\cita_nuevo.php on line 30.
 1 APPPATH\Views\panel\cita_nuevo.php(30): CodeIgniter\Debug\Exceptions->errorHandler(2, 'Undefined property: stdClass::$codigo_cliente', 'C:\\xampp\\htdocs\\ESTILO_NAYE\\app\\Views\\panel\\cita_nuevo.php', 30)
 2 SYSTEMPATH\View\View.php(224): include('C:\\xampp\\htdocs\\ESTILO_NAYE\\app\\Views\\panel\\cita_nuevo.php')
 3 SYSTEMPATH\View\View.php(227): CodeIgniter\View\View->CodeIgniter\View\{closure}()
 4 SYSTEMPATH\Common.php(1173): CodeIgniter\View\View->render('panel/cita_nuevo', [], true)
 5 APPPATH\Controllers\Panel\Cita_nuevo.php(94): view('panel/cita_nuevo', [...])
 6 APPPATH\Controllers\Panel\Cita_nuevo.php(26): App\Controllers\Panel\Cita_nuevo->crear_vista('panel/cita_nuevo', [...])
 7 SYSTEMPATH\CodeIgniter.php(933): App\Controllers\Panel\Cita_nuevo->index()
 8 SYSTEMPATH\CodeIgniter.php(507): CodeIgniter\CodeIgniter->runController(Object(App\Controllers\Panel\Cita_nuevo))
 9 SYSTEMPATH\CodeIgniter.php(354): CodeIgniter\CodeIgniter->handleRequest(null, Object(Config\Cache), false)
10 SYSTEMPATH\Boot.php(334): CodeIgniter\CodeIgniter->run()
11 SYSTEMPATH\Boot.php(67): CodeIgniter\Boot::runCodeIgniter(Object(CodeIgniter\CodeIgniter))
12 FCPATH\index.php(56): CodeIgniter\Boot::bootWeb(Object(Config\Paths))
13 SYSTEMPATH\rewrite.php(44): require_once('C:\\xampp\\htdocs\\ESTILO_NAYE\\public\\index.php')
DEBUG - 2025-03-15 07:31:12 --> Session: Class initialized using 'CodeIgniter\Session\Handlers\FileHandler' driver.
DEBUG - 2025-03-15 07:31:32 --> Session: Class initialized using 'CodeIgniter\Session\Handlers\FileHandler' driver.
DEBUG - 2025-03-15 07:31:33 --> Session: Class initialized using 'CodeIgniter\Session\Handlers\FileHandler' driver.
DEBUG - 2025-03-15 07:32:50 --> Session: Class initialized using 'CodeIgniter\Session\Handlers\FileHandler' driver.
